<?xml version="1.0" encoding="UTF-8"?>
<testng-results skipped="0" failed="0" ignored="0" total="0" passed="0">
  <reporter-output>
  </reporter-output>
  <suite name="SeleniumAutomation.TestAutomation" duration-ms="9" started-at="2021-07-13T17:19:41 CLT" finished-at="2021-07-13T17:19:41 CLT">
    <groups>
    </groups>
    <test name="Command line test" duration-ms="9" started-at="2021-07-13T17:19:41 CLT" finished-at="2021-07-13T17:19:41 CLT">
    </test> <!-- Command line test -->
  </suite> <!-- SeleniumAutomation.TestAutomation -->
</testng-results>
